
Postbuild secure image
Creating secure image
Fri Mar 28 16:14:28 2025 : [INF] ############## Executing xmlval command ##############
Fri Mar 28 16:14:28 2025 : [INF] C:/Git_Projects/MATTER/Matter-feature_250326_WBA6_eeprom/Projects/STM32WBA65I-DK1/ROT_Provisioning/../../..//Utilities/PC_Software/ROT_AppliConfig/dist/AppliCfg.exe xmlval -v ../../../Applications/ROT/OEMiROT_Appli_TrustZone/Binary/oemirot_tz_s_app.bin --string -n Firmware binary input file C:/Git_Projects/MATTER/Matter-feature_250326_WBA6_eeprom/Projects/STM32WBA65I-DK1/ROT_Provisioning/OEMiROT/Images/OEMiROT_S_Code_Image.xml --vb
Fri Mar 28 16:14:28 2025 : [INF] Value to be used ../../../Applications/ROT/OEMiROT_Appli_TrustZone/Binary/oemirot_tz_s_app.bin
Fri Mar 28 16:14:28 2025 : [INF] Opening the 'C:/Git_Projects/MATTER/Matter-feature_250326_WBA6_eeprom/Projects/STM32WBA65I-DK1/ROT_Provisioning/OEMiROT/Images/OEMiROT_S_Code_Image.xml' file
Fri Mar 28 16:14:28 2025 : [INF] Searching the parameter with <Name>Firmware binary input file</Name> element
Fri Mar 28 16:14:28 2025 : [INF] Parameter found. Verifying information of '<Value>../../../Applications/ROT/OEMiROT_Appli_TrustZone/Binary/oemirot_tz_s_app.bin</Value>'
Fri Mar 28 16:14:28 2025 : [INF] The modification is not necessary
Fri Mar 28 16:14:28 2025 : [INF] The tag <Value> has already the correct content (../../../Applications/ROT/OEMiROT_Appli_TrustZone/Binary/oemirot_tz_s_app.bin)
Fri Mar 28 16:14:29 2025 : [INF] ############## Executing xmlval command ##############
Fri Mar 28 16:14:29 2025 : [INF] C:/Git_Projects/MATTER/Matter-feature_250326_WBA6_eeprom/Projects/STM32WBA65I-DK1/ROT_Provisioning/../../..//Utilities/PC_Software/ROT_AppliConfig/dist/AppliCfg.exe xmlval -v ../../../Applications/ROT/OEMiROT_Appli_TrustZone/Binary/oemirot_tz_s_app_enc_sign.bin --string -n Image output file C:/Git_Projects/MATTER/Matter-feature_250326_WBA6_eeprom/Projects/STM32WBA65I-DK1/ROT_Provisioning/OEMiROT/Images/OEMiROT_S_Code_Image.xml --vb
Fri Mar 28 16:14:29 2025 : [INF] Value to be used ../../../Applications/ROT/OEMiROT_Appli_TrustZone/Binary/oemirot_tz_s_app_enc_sign.bin
Fri Mar 28 16:14:29 2025 : [INF] Opening the 'C:/Git_Projects/MATTER/Matter-feature_250326_WBA6_eeprom/Projects/STM32WBA65I-DK1/ROT_Provisioning/OEMiROT/Images/OEMiROT_S_Code_Image.xml' file
Fri Mar 28 16:14:29 2025 : [INF] Searching the parameter with <Name>Image output file</Name> element
Fri Mar 28 16:14:29 2025 : [INF] Parameter found. Verifying information of '<Value>../../../Applications/ROT/OEMiROT_Appli_TrustZone/Binary/oemirot_tz_s_app_enc_sign.bin</Value>'
Fri Mar 28 16:14:29 2025 : [INF] The modification is not necessary
Fri Mar 28 16:14:29 2025 : [INF] The tag <Value> has already the correct content (../../../Applications/ROT/OEMiROT_Appli_TrustZone/Binary/oemirot_tz_s_app_enc_sign.bin)
      -------------------------------------------------------------------
                       STM32 Trusted Package Creator v2.19.0                  
      -------------------------------------------------------------------

-pb C:/Git_Projects/MATTER/Matter-feature_250326_WBA6_eeprom/Projects/STM32WBA65I-DK1/ROT_Provisioning/OEMiROT/Images/OEMiROT_S_Code_Image.xml 
 
Image generated successfully 

Fri Mar 28 16:14:32 2025 : [INF] ############## Executing xmlval command ##############
Fri Mar 28 16:14:32 2025 : [INF] C:/Git_Projects/MATTER/Matter-feature_250326_WBA6_eeprom/Projects/STM32WBA65I-DK1/ROT_Provisioning/../../..//Utilities/PC_Software/ROT_AppliConfig/dist/AppliCfg.exe xmlval -v ../../../Applications/ROT/OEMiROT_Appli_TrustZone/Binary/oemirot_tz_s_app.bin --string -n Firmware binary input file C:/Git_Projects/MATTER/Matter-feature_250326_WBA6_eeprom/Projects/STM32WBA65I-DK1/ROT_Provisioning/OEMiROT/Images/OEMiROT_S_Code_Init_Image.xml --vb
Fri Mar 28 16:14:32 2025 : [INF] Value to be used ../../../Applications/ROT/OEMiROT_Appli_TrustZone/Binary/oemirot_tz_s_app.bin
Fri Mar 28 16:14:32 2025 : [INF] Opening the 'C:/Git_Projects/MATTER/Matter-feature_250326_WBA6_eeprom/Projects/STM32WBA65I-DK1/ROT_Provisioning/OEMiROT/Images/OEMiROT_S_Code_Init_Image.xml' file
Fri Mar 28 16:14:32 2025 : [INF] Searching the parameter with <Name>Firmware binary input file</Name> element
Fri Mar 28 16:14:32 2025 : [INF] Parameter found. Verifying information of '<Value>../../../Applications/ROT/OEMiROT_Appli_TrustZone/Binary/oemirot_tz_s_app.bin</Value>'
Fri Mar 28 16:14:32 2025 : [INF] The modification is not necessary
Fri Mar 28 16:14:32 2025 : [INF] The tag <Value> has already the correct content (../../../Applications/ROT/OEMiROT_Appli_TrustZone/Binary/oemirot_tz_s_app.bin)
Fri Mar 28 16:14:32 2025 : [INF] ############## Executing xmlval command ##############
Fri Mar 28 16:14:32 2025 : [INF] C:/Git_Projects/MATTER/Matter-feature_250326_WBA6_eeprom/Projects/STM32WBA65I-DK1/ROT_Provisioning/../../..//Utilities/PC_Software/ROT_AppliConfig/dist/AppliCfg.exe xmlval -v ../../../Applications/ROT/OEMiROT_Appli_TrustZone/Binary/oemirot_tz_s_app_init_sign.bin --string -n Image output file C:/Git_Projects/MATTER/Matter-feature_250326_WBA6_eeprom/Projects/STM32WBA65I-DK1/ROT_Provisioning/OEMiROT/Images/OEMiROT_S_Code_Init_Image.xml --vb
Fri Mar 28 16:14:32 2025 : [INF] Value to be used ../../../Applications/ROT/OEMiROT_Appli_TrustZone/Binary/oemirot_tz_s_app_init_sign.bin
Fri Mar 28 16:14:32 2025 : [INF] Opening the 'C:/Git_Projects/MATTER/Matter-feature_250326_WBA6_eeprom/Projects/STM32WBA65I-DK1/ROT_Provisioning/OEMiROT/Images/OEMiROT_S_Code_Init_Image.xml' file
Fri Mar 28 16:14:32 2025 : [INF] Searching the parameter with <Name>Image output file</Name> element
Fri Mar 28 16:14:32 2025 : [INF] Parameter found. Verifying information of '<Value>../../../Applications/ROT/OEMiROT_Appli_TrustZone/Binary/oemirot_tz_s_app_init_sign.bin</Value>'
Fri Mar 28 16:14:32 2025 : [INF] The modification is not necessary
Fri Mar 28 16:14:32 2025 : [INF] The tag <Value> has already the correct content (../../../Applications/ROT/OEMiROT_Appli_TrustZone/Binary/oemirot_tz_s_app_init_sign.bin)
      -------------------------------------------------------------------
                       STM32 Trusted Package Creator v2.19.0                  
      -------------------------------------------------------------------

-pb C:/Git_Projects/MATTER/Matter-feature_250326_WBA6_eeprom/Projects/STM32WBA65I-DK1/ROT_Provisioning/OEMiROT/Images/OEMiROT_S_Code_Init_Image.xml 
 
Image generated successfully 

Fri Mar 28 16:14:34 2025 : [INF] ############## Executing xmlval command ##############
Fri Mar 28 16:14:34 2025 : [INF] C:/Git_Projects/MATTER/Matter-feature_250326_WBA6_eeprom/Projects/STM32WBA65I-DK1/ROT_Provisioning/../../..//Utilities/PC_Software/ROT_AppliConfig/dist/AppliCfg.exe xmlval -v ../Binary/s_data_enc_sign.bin --string -n Image output file C:/Git_Projects/MATTER/Matter-feature_250326_WBA6_eeprom/Projects/STM32WBA65I-DK1/ROT_Provisioning/OEMiROT/Images/OEMiROT_S_Data_Image.xml --vb
Fri Mar 28 16:14:34 2025 : [INF] Value to be used ../Binary/s_data_enc_sign.bin
Fri Mar 28 16:14:34 2025 : [INF] Opening the 'C:/Git_Projects/MATTER/Matter-feature_250326_WBA6_eeprom/Projects/STM32WBA65I-DK1/ROT_Provisioning/OEMiROT/Images/OEMiROT_S_Data_Image.xml' file
Fri Mar 28 16:14:34 2025 : [INF] Searching the parameter with <Name>Image output file</Name> element
Fri Mar 28 16:14:34 2025 : [INF] Parameter found. Verifying information of '<Value>../Binary/s_data_enc_sign.bin</Value>'
Fri Mar 28 16:14:34 2025 : [INF] The modification is not necessary
Fri Mar 28 16:14:34 2025 : [INF] The tag <Value> has already the correct content (../Binary/s_data_enc_sign.bin)
Fri Mar 28 16:14:35 2025 : [INF] ############## Executing xmlval command ##############
Fri Mar 28 16:14:35 2025 : [INF] C:/Git_Projects/MATTER/Matter-feature_250326_WBA6_eeprom/Projects/STM32WBA65I-DK1/ROT_Provisioning/../../..//Utilities/PC_Software/ROT_AppliConfig/dist/AppliCfg.exe xmlval -v ../Binary/s_data_init_sign.bin --string -n Image output file C:/Git_Projects/MATTER/Matter-feature_250326_WBA6_eeprom/Projects/STM32WBA65I-DK1/ROT_Provisioning/OEMiROT/Images/OEMiROT_S_Data_Init_Image.xml --vb
Fri Mar 28 16:14:35 2025 : [INF] Value to be used ../Binary/s_data_init_sign.bin
Fri Mar 28 16:14:35 2025 : [INF] Opening the 'C:/Git_Projects/MATTER/Matter-feature_250326_WBA6_eeprom/Projects/STM32WBA65I-DK1/ROT_Provisioning/OEMiROT/Images/OEMiROT_S_Data_Init_Image.xml' file
Fri Mar 28 16:14:35 2025 : [INF] Searching the parameter with <Name>Image output file</Name> element
Fri Mar 28 16:14:35 2025 : [INF] Parameter found. Verifying information of '<Value>../Binary/s_data_init_sign.bin</Value>'
Fri Mar 28 16:14:35 2025 : [INF] The modification is not necessary
Fri Mar 28 16:14:35 2025 : [INF] The tag <Value> has already the correct content (../Binary/s_data_init_sign.bin)

Postbuild nonsecure image
Creating nonsecure image
Fri Mar 28 16:29:16 2025 : [INF] ############## Executing xmlval command ##############
Fri Mar 28 16:29:16 2025 : [INF] C:/Git_Projects/MATTER/Matter-feature_250326_WBA6_eeprom/Projects/STM32WBA65I-DK1/ROT_Provisioning/../../..//Utilities/PC_Software/ROT_AppliConfig/dist/AppliCfg.exe xmlval -v ../../../Applications/ROT/OEMiROT_Appli_TrustZone/Binary/oemirot_tz_ns_app.bin --string -n Firmware binary input file C:/Git_Projects/MATTER/Matter-feature_250326_WBA6_eeprom/Projects/STM32WBA65I-DK1/ROT_Provisioning/OEMiROT/Images/OEMiROT_NS_Code_Image.xml --vb
Fri Mar 28 16:29:16 2025 : [INF] Value to be used ../../../Applications/ROT/OEMiROT_Appli_TrustZone/Binary/oemirot_tz_ns_app.bin
Fri Mar 28 16:29:16 2025 : [INF] Opening the 'C:/Git_Projects/MATTER/Matter-feature_250326_WBA6_eeprom/Projects/STM32WBA65I-DK1/ROT_Provisioning/OEMiROT/Images/OEMiROT_NS_Code_Image.xml' file
Fri Mar 28 16:29:16 2025 : [INF] Searching the parameter with <Name>Firmware binary input file</Name> element
Fri Mar 28 16:29:16 2025 : [INF] Parameter found. Verifying information of '<Value>../../../Applications/ROT/OEMiROT_Appli_TrustZone/Binary/oemirot_tz_ns_app.bin</Value>'
Fri Mar 28 16:29:16 2025 : [INF] The modification is not necessary
Fri Mar 28 16:29:16 2025 : [INF] The tag <Value> has already the correct content (../../../Applications/ROT/OEMiROT_Appli_TrustZone/Binary/oemirot_tz_ns_app.bin)
Fri Mar 28 16:29:16 2025 : [INF] ############## Executing xmlval command ##############
Fri Mar 28 16:29:16 2025 : [INF] C:/Git_Projects/MATTER/Matter-feature_250326_WBA6_eeprom/Projects/STM32WBA65I-DK1/ROT_Provisioning/../../..//Utilities/PC_Software/ROT_AppliConfig/dist/AppliCfg.exe xmlval -v ../../../Applications/ROT/OEMiROT_Appli_TrustZone/Binary/oemirot_tz_ns_app_enc_sign.bin --string -n Image output file C:/Git_Projects/MATTER/Matter-feature_250326_WBA6_eeprom/Projects/STM32WBA65I-DK1/ROT_Provisioning/OEMiROT/Images/OEMiROT_NS_Code_Image.xml --vb
Fri Mar 28 16:29:16 2025 : [INF] Value to be used ../../../Applications/ROT/OEMiROT_Appli_TrustZone/Binary/oemirot_tz_ns_app_enc_sign.bin
Fri Mar 28 16:29:16 2025 : [INF] Opening the 'C:/Git_Projects/MATTER/Matter-feature_250326_WBA6_eeprom/Projects/STM32WBA65I-DK1/ROT_Provisioning/OEMiROT/Images/OEMiROT_NS_Code_Image.xml' file
Fri Mar 28 16:29:16 2025 : [INF] Searching the parameter with <Name>Image output file</Name> element
Fri Mar 28 16:29:16 2025 : [INF] Parameter found. Verifying information of '<Value>../../../Applications/ROT/OEMiROT_Appli_TrustZone/Binary/oemirot_tz_ns_app_enc_sign.bin</Value>'
Fri Mar 28 16:29:16 2025 : [INF] The modification is not necessary
Fri Mar 28 16:29:16 2025 : [INF] The tag <Value> has already the correct content (../../../Applications/ROT/OEMiROT_Appli_TrustZone/Binary/oemirot_tz_ns_app_enc_sign.bin)
      -------------------------------------------------------------------
                       STM32 Trusted Package Creator v2.19.0                  
      -------------------------------------------------------------------

-pb C:/Git_Projects/MATTER/Matter-feature_250326_WBA6_eeprom/Projects/STM32WBA65I-DK1/ROT_Provisioning/OEMiROT/Images/OEMiROT_NS_Code_Image.xml 
 
Image generated successfully 

Fri Mar 28 16:29:20 2025 : [INF] ############## Executing xmlval command ##############
Fri Mar 28 16:29:20 2025 : [INF] C:/Git_Projects/MATTER/Matter-feature_250326_WBA6_eeprom/Projects/STM32WBA65I-DK1/ROT_Provisioning/../../..//Utilities/PC_Software/ROT_AppliConfig/dist/AppliCfg.exe xmlval -v ../../../Applications/ROT/OEMiROT_Appli_TrustZone/Binary/oemirot_tz_ns_app.bin --string -n Firmware binary input file C:/Git_Projects/MATTER/Matter-feature_250326_WBA6_eeprom/Projects/STM32WBA65I-DK1/ROT_Provisioning/OEMiROT/Images/OEMiROT_NS_Code_Init_Image.xml --vb
Fri Mar 28 16:29:20 2025 : [INF] Value to be used ../../../Applications/ROT/OEMiROT_Appli_TrustZone/Binary/oemirot_tz_ns_app.bin
Fri Mar 28 16:29:20 2025 : [INF] Opening the 'C:/Git_Projects/MATTER/Matter-feature_250326_WBA6_eeprom/Projects/STM32WBA65I-DK1/ROT_Provisioning/OEMiROT/Images/OEMiROT_NS_Code_Init_Image.xml' file
Fri Mar 28 16:29:20 2025 : [INF] Searching the parameter with <Name>Firmware binary input file</Name> element
Fri Mar 28 16:29:20 2025 : [INF] Parameter found. Verifying information of '<Value>../../../Applications/ROT/OEMiROT_Appli_TrustZone/Binary/oemirot_tz_ns_app.bin</Value>'
Fri Mar 28 16:29:20 2025 : [INF] The modification is not necessary
Fri Mar 28 16:29:20 2025 : [INF] The tag <Value> has already the correct content (../../../Applications/ROT/OEMiROT_Appli_TrustZone/Binary/oemirot_tz_ns_app.bin)
Fri Mar 28 16:29:21 2025 : [INF] ############## Executing xmlval command ##############
Fri Mar 28 16:29:21 2025 : [INF] C:/Git_Projects/MATTER/Matter-feature_250326_WBA6_eeprom/Projects/STM32WBA65I-DK1/ROT_Provisioning/../../..//Utilities/PC_Software/ROT_AppliConfig/dist/AppliCfg.exe xmlval -v ../../../Applications/ROT/OEMiROT_Appli_TrustZone/Binary/oemirot_tz_ns_app_init_sign.bin --string -n Image output file C:/Git_Projects/MATTER/Matter-feature_250326_WBA6_eeprom/Projects/STM32WBA65I-DK1/ROT_Provisioning/OEMiROT/Images/OEMiROT_NS_Code_Init_Image.xml --vb
Fri Mar 28 16:29:21 2025 : [INF] Value to be used ../../../Applications/ROT/OEMiROT_Appli_TrustZone/Binary/oemirot_tz_ns_app_init_sign.bin
Fri Mar 28 16:29:21 2025 : [INF] Opening the 'C:/Git_Projects/MATTER/Matter-feature_250326_WBA6_eeprom/Projects/STM32WBA65I-DK1/ROT_Provisioning/OEMiROT/Images/OEMiROT_NS_Code_Init_Image.xml' file
Fri Mar 28 16:29:21 2025 : [INF] Searching the parameter with <Name>Image output file</Name> element
Fri Mar 28 16:29:21 2025 : [INF] Parameter found. Verifying information of '<Value>../../../Applications/ROT/OEMiROT_Appli_TrustZone/Binary/oemirot_tz_ns_app_init_sign.bin</Value>'
Fri Mar 28 16:29:21 2025 : [INF] The modification is not necessary
Fri Mar 28 16:29:21 2025 : [INF] The tag <Value> has already the correct content (../../../Applications/ROT/OEMiROT_Appli_TrustZone/Binary/oemirot_tz_ns_app_init_sign.bin)
      -------------------------------------------------------------------
                       STM32 Trusted Package Creator v2.19.0                  
      -------------------------------------------------------------------

-pb C:/Git_Projects/MATTER/Matter-feature_250326_WBA6_eeprom/Projects/STM32WBA65I-DK1/ROT_Provisioning/OEMiROT/Images/OEMiROT_NS_Code_Init_Image.xml 
 
Image generated successfully 

Fri Mar 28 16:29:25 2025 : [INF] ############## Executing xmlval command ##############
Fri Mar 28 16:29:25 2025 : [INF] C:/Git_Projects/MATTER/Matter-feature_250326_WBA6_eeprom/Projects/STM32WBA65I-DK1/ROT_Provisioning/../../..//Utilities/PC_Software/ROT_AppliConfig/dist/AppliCfg.exe xmlval -v ../Binary/ns_data_enc_sign.bin --string -n Image output file C:/Git_Projects/MATTER/Matter-feature_250326_WBA6_eeprom/Projects/STM32WBA65I-DK1/ROT_Provisioning/OEMiROT/Images/OEMiROT_NS_Data_Image.xml --vb
Fri Mar 28 16:29:25 2025 : [INF] Value to be used ../Binary/ns_data_enc_sign.bin
Fri Mar 28 16:29:25 2025 : [INF] Opening the 'C:/Git_Projects/MATTER/Matter-feature_250326_WBA6_eeprom/Projects/STM32WBA65I-DK1/ROT_Provisioning/OEMiROT/Images/OEMiROT_NS_Data_Image.xml' file
Fri Mar 28 16:29:25 2025 : [INF] Searching the parameter with <Name>Image output file</Name> element
Fri Mar 28 16:29:25 2025 : [INF] Parameter found. Verifying information of '<Value>../Binary/ns_data_enc_sign.bin</Value>'
Fri Mar 28 16:29:25 2025 : [INF] The modification is not necessary
Fri Mar 28 16:29:25 2025 : [INF] The tag <Value> has already the correct content (../Binary/ns_data_enc_sign.bin)
Fri Mar 28 16:29:25 2025 : [INF] ############## Executing xmlval command ##############
Fri Mar 28 16:29:25 2025 : [INF] C:/Git_Projects/MATTER/Matter-feature_250326_WBA6_eeprom/Projects/STM32WBA65I-DK1/ROT_Provisioning/../../..//Utilities/PC_Software/ROT_AppliConfig/dist/AppliCfg.exe xmlval -v ../Binary/ns_data_init_sign.bin --string -n Image output file C:/Git_Projects/MATTER/Matter-feature_250326_WBA6_eeprom/Projects/STM32WBA65I-DK1/ROT_Provisioning/OEMiROT/Images/OEMiROT_NS_Data_Init_Image.xml --vb
Fri Mar 28 16:29:25 2025 : [INF] Value to be used ../Binary/ns_data_init_sign.bin
Fri Mar 28 16:29:25 2025 : [INF] Opening the 'C:/Git_Projects/MATTER/Matter-feature_250326_WBA6_eeprom/Projects/STM32WBA65I-DK1/ROT_Provisioning/OEMiROT/Images/OEMiROT_NS_Data_Init_Image.xml' file
Fri Mar 28 16:29:25 2025 : [INF] Searching the parameter with <Name>Image output file</Name> element
Fri Mar 28 16:29:25 2025 : [INF] Parameter found. Verifying information of '<Value>../Binary/ns_data_init_sign.bin</Value>'
Fri Mar 28 16:29:25 2025 : [INF] The modification is not necessary
Fri Mar 28 16:29:25 2025 : [INF] The tag <Value> has already the correct content (../Binary/ns_data_init_sign.bin)
